<?xml version="1.0" encoding="UTF-8"?>
<testsuite name="co.com.ceiba.julian.diaz.infraestructura.controlador.ComandoControladorProgramadorTest" tests="3" skipped="0" failures="0" errors="0" timestamp="2020-07-27T16:02:21" hostname="JULIAN-DIAZ" time="0.365">
  <properties/>
  <testcase name="modificar" classname="co.com.ceiba.julian.diaz.infraestructura.controlador.ComandoControladorProgramadorTest" time="0.34"/>
  <testcase name="borrar" classname="co.com.ceiba.julian.diaz.infraestructura.controlador.ComandoControladorProgramadorTest" time="0.01"/>
  <testcase name="crear" classname="co.com.ceiba.julian.diaz.infraestructura.controlador.ComandoControladorProgramadorTest" time="0.011"/>
  <system-out><![CDATA[11:02:11.173 [Test worker] DEBUG org.springframework.test.context.junit4.SpringJUnit4ClassRunner - SpringJUnit4ClassRunner constructor called with [class co.com.ceiba.julian.diaz.infraestructura.controlador.ComandoControladorProgramadorTest]
11:02:11.203 [Test worker] DEBUG org.springframework.test.context.BootstrapUtils - Instantiating CacheAwareContextLoaderDelegate from class [org.springframework.test.context.cache.DefaultCacheAwareContextLoaderDelegate]
11:02:11.243 [Test worker] DEBUG org.springframework.test.context.BootstrapUtils - Instantiating BootstrapContext using constructor [public org.springframework.test.context.support.DefaultBootstrapContext(java.lang.Class,org.springframework.test.context.CacheAwareContextLoaderDelegate)]
11:02:11.340 [Test worker] DEBUG org.springframework.test.context.BootstrapUtils - Instantiating TestContextBootstrapper for test class [co.com.ceiba.julian.diaz.infraestructura.controlador.ComandoControladorProgramadorTest] from class [org.springframework.boot.test.context.SpringBootTestContextBootstrapper]
11:02:11.384 [Test worker] INFO org.springframework.boot.test.context.SpringBootTestContextBootstrapper - Neither @ContextConfiguration nor @ContextHierarchy found for test class [co.com.ceiba.julian.diaz.infraestructura.controlador.ComandoControladorProgramadorTest], using SpringBootContextLoader
11:02:11.397 [Test worker] DEBUG org.springframework.test.context.support.AbstractContextLoader - Did not detect default resource location for test class [co.com.ceiba.julian.diaz.infraestructura.controlador.ComandoControladorProgramadorTest]: class path resource [co/com/ceiba/julian/diaz/infraestructura/controlador/ComandoControladorProgramadorTest-context.xml] does not exist
11:02:11.399 [Test worker] DEBUG org.springframework.test.context.support.AbstractContextLoader - Did not detect default resource location for test class [co.com.ceiba.julian.diaz.infraestructura.controlador.ComandoControladorProgramadorTest]: class path resource [co/com/ceiba/julian/diaz/infraestructura/controlador/ComandoControladorProgramadorTestContext.groovy] does not exist
11:02:11.400 [Test worker] INFO org.springframework.test.context.support.AbstractContextLoader - Could not detect default resource locations for test class [co.com.ceiba.julian.diaz.infraestructura.controlador.ComandoControladorProgramadorTest]: no resource found for suffixes {-context.xml, Context.groovy}.
11:02:11.554 [Test worker] DEBUG org.springframework.test.context.support.ActiveProfilesUtils - Could not find an 'annotation declaring class' for annotation type [org.springframework.test.context.ActiveProfiles] and class [co.com.ceiba.julian.diaz.infraestructura.controlador.ComandoControladorProgramadorTest]
11:02:12.113 [Test worker] DEBUG org.springframework.boot.test.context.SpringBootTestContextBootstrapper - @TestExecutionListeners is not present for class [co.com.ceiba.julian.diaz.infraestructura.controlador.ComandoControladorProgramadorTest]: using defaults.
11:02:12.115 [Test worker] INFO org.springframework.boot.test.context.SpringBootTestContextBootstrapper - Loaded default TestExecutionListener class names from location [META-INF/spring.factories]: [org.springframework.boot.test.autoconfigure.restdocs.RestDocsTestExecutionListener, org.springframework.boot.test.autoconfigure.web.client.MockRestServiceServerResetTestExecutionListener, org.springframework.boot.test.autoconfigure.web.servlet.MockMvcPrintOnlyOnFailureTestExecutionListener, org.springframework.boot.test.autoconfigure.web.servlet.WebDriverTestExecutionListener, org.springframework.boot.test.mock.mockito.MockitoTestExecutionListener, org.springframework.boot.test.mock.mockito.ResetMocksTestExecutionListener, org.springframework.test.context.web.ServletTestExecutionListener, org.springframework.test.context.support.DirtiesContextBeforeModesTestExecutionListener, org.springframework.test.context.support.DependencyInjectionTestExecutionListener, org.springframework.test.context.support.DirtiesContextTestExecutionListener, org.springframework.test.context.transaction.TransactionalTestExecutionListener, org.springframework.test.context.jdbc.SqlScriptsTestExecutionListener]
11:02:12.198 [Test worker] INFO org.springframework.boot.test.context.SpringBootTestContextBootstrapper - Using TestExecutionListeners: [org.springframework.test.context.web.ServletTestExecutionListener@5585616d, org.springframework.test.context.support.DirtiesContextBeforeModesTestExecutionListener@390fb7e6, org.springframework.boot.test.mock.mockito.MockitoTestExecutionListener@2d9b9424, org.springframework.boot.test.autoconfigure.SpringBootDependencyInjectionTestExecutionListener@3c85dde8, org.springframework.test.context.support.DirtiesContextTestExecutionListener@42f55d1c, org.springframework.test.context.transaction.TransactionalTestExecutionListener@6817223, org.springframework.test.context.jdbc.SqlScriptsTestExecutionListener@77cafc63, org.springframework.boot.test.autoconfigure.restdocs.RestDocsTestExecutionListener@65b205ef, org.springframework.boot.test.autoconfigure.web.client.MockRestServiceServerResetTestExecutionListener@dc7a9f8, org.springframework.boot.test.autoconfigure.web.servlet.MockMvcPrintOnlyOnFailureTestExecutionListener@dad209, org.springframework.boot.test.autoconfigure.web.servlet.WebDriverTestExecutionListener@20d31f95, org.springframework.boot.test.mock.mockito.ResetMocksTestExecutionListener@55bbfb1d]
11:02:12.208 [Test worker] DEBUG org.springframework.test.annotation.ProfileValueUtils - Retrieved @ProfileValueSourceConfiguration [null] for test class [co.com.ceiba.julian.diaz.infraestructura.controlador.ComandoControladorProgramadorTest]
11:02:12.210 [Test worker] DEBUG org.springframework.test.annotation.ProfileValueUtils - Retrieved ProfileValueSource type [class org.springframework.test.annotation.SystemProfileValueSource] for class [co.com.ceiba.julian.diaz.infraestructura.controlador.ComandoControladorProgramadorTest]
11:02:12.211 [Test worker] DEBUG org.springframework.test.annotation.ProfileValueUtils - Retrieved @ProfileValueSourceConfiguration [null] for test class [co.com.ceiba.julian.diaz.infraestructura.controlador.ComandoControladorProgramadorTest]
11:02:12.212 [Test worker] DEBUG org.springframework.test.annotation.ProfileValueUtils - Retrieved ProfileValueSource type [class org.springframework.test.annotation.SystemProfileValueSource] for class [co.com.ceiba.julian.diaz.infraestructura.controlador.ComandoControladorProgramadorTest]
11:02:12.226 [Test worker] DEBUG org.springframework.test.context.support.AbstractDirtiesContextTestExecutionListener - Before test class: context [DefaultTestContext@9892e1a testClass = ComandoControladorProgramadorTest, testInstance = [null], testMethod = [null], testException = [null], mergedContextConfiguration = [WebMergedContextConfiguration@1a60f615 testClass = ComandoControladorProgramadorTest, locations = '{}', classes = '{class co.com.ceiba.julian.diaz.infraestructura.ceiba.ProgramacionPagoApplication, class co.com.ceiba.julian.diaz.infraestructura.ceiba.ProgramacionPagoApplication}', contextInitializerClasses = '[]', activeProfiles = '{}', propertySourceLocations = '{}', propertySourceProperties = '{org.springframework.boot.test.context.SpringBootTestContextBootstrapper=true}', contextCustomizers = set[org.springframework.boot.test.autoconfigure.properties.PropertyMappingContextCustomizer@e7e8512, org.springframework.boot.test.autoconfigure.web.servlet.WebDriverContextCustomizerFactory$Customizer@4e2d3474, [ImportsContextCustomizer@50afe70e key = [org.springframework.boot.test.autoconfigure.web.servlet.MockMvcAutoConfiguration, org.springframework.boot.test.autoconfigure.web.servlet.MockMvcSecurityAutoConfiguration, org.springframework.boot.test.autoconfigure.web.servlet.MockMvcWebClientAutoConfiguration, org.springframework.boot.test.autoconfigure.web.servlet.MockMvcWebDriverAutoConfiguration]], org.springframework.boot.test.context.filter.ExcludeFilterContextCustomizer@5846d2e2, org.springframework.boot.test.json.DuplicateJsonObjectContextCustomizerFactory$DuplicateJsonObjectContextCustomizer@4db03184, org.springframework.boot.test.mock.mockito.MockitoContextCustomizer@0, org.springframework.boot.test.web.client.TestRestTemplateContextCustomizer@3f2d6661], resourceBasePath = 'src/main/webapp', contextLoader = 'org.springframework.boot.test.context.SpringBootContextLoader', parent = [null]], attributes = map['org.springframework.test.context.web.ServletTestExecutionListener.activateListener' -> true]], class annotated with @DirtiesContext [false] with mode [null].
11:02:12.229 [Test worker] DEBUG org.springframework.test.annotation.ProfileValueUtils - Retrieved @ProfileValueSourceConfiguration [null] for test class [co.com.ceiba.julian.diaz.infraestructura.controlador.ComandoControladorProgramadorTest]
11:02:12.231 [Test worker] DEBUG org.springframework.test.annotation.ProfileValueUtils - Retrieved ProfileValueSource type [class org.springframework.test.annotation.SystemProfileValueSource] for class [co.com.ceiba.julian.diaz.infraestructura.controlador.ComandoControladorProgramadorTest]
11:02:12.321 [Test worker] DEBUG org.springframework.core.env.StandardEnvironment - Adding PropertySource 'systemProperties' with lowest search precedence
11:02:12.322 [Test worker] DEBUG org.springframework.core.env.StandardEnvironment - Adding PropertySource 'systemEnvironment' with lowest search precedence
11:02:12.323 [Test worker] DEBUG org.springframework.core.env.StandardEnvironment - Initialized StandardEnvironment with PropertySources [MapPropertySource@1543814280 {name='systemProperties', properties={java.specification.version=14, sun.cpu.isalist=amd64, sun.jnu.encoding=Cp1252, org.gradle.test.worker=8, java.class.path=C:\\Users\\julian.diaz\\.gradle\\caches\\6.5.1\\workerMain\\gradle-worker.jar;C:\\Users\\julian.diaz\\eclipse-workspace\\programacionPago\\build\\classes\\java\\test;C:\\Users\\julian.diaz\\eclipse-workspace\\programacionPago\\build\\resources\\test;C:\\Users\\julian.diaz\\eclipse-workspace\\programacionPago\\build\\classes\\java\\main;C:\\Users\\julian.diaz\\eclipse-workspace\\programacionPago\\build\\resources\\main;C:\\Users\\julian.diaz\\.gradle\\caches\\modules-2\\files-2.1\\org.springframework.boot\\spring-boot-starter-data-rest\\2.0.1.RELEASE\\2faa633a8ceb95c0820e56867eabc2bade198767\\spring-boot-starter-data-rest-2.0.1.RELEASE.jar;C:\\Users\\julian.diaz\\.gradle\\caches\\modules-2\\files-2.1\\org.springframework.boot\\spring-boot-starter-jdbc\\2.0.1.RELEASE\\a22a7ac74388118938bfcd894318cd0c5a7c380b\\spring-boot-starter-jdbc-2.0.1.RELEASE.jar;C:\\Users\\julian.diaz\\.gradle\\caches\\modules-2\\files-2.1\\org.springframework.boot\\spring-boot-starter-web-services\\2.0.1.RELEASE\\b9d3d858dbf5f508699b4eeff30db8298a57750e\\spring-boot-starter-web-services-2.0.1.RELEASE.jar;C:\\Users\\julian.diaz\\.gradle\\caches\\modules-2\\files-2.1\\org.springframework.boot\\spring-boot-starter-web\\2.0.1.RELEASE\\88751ed76791d12425ce5a80476baf1749a44cf4\\spring-boot-starter-web-2.0.1.RELEASE.jar;C:\\Users\\julian.diaz\\.gradle\\caches\\modules-2\\files-2.1\\org.springframework.boot\\spring-boot-starter-tomcat\\2.0.1.RELEASE\\4b46f4aaff6c8a5a1c8184996d5e9e8a9354db8d\\spring-boot-starter-tomcat-2.0.1.RELEASE.jar;C:\\Users\\julian.diaz\\.gradle\\caches\\modules-2\\files-2.1\\com.h2database\\h2\\1.0.60\\bce45deceba13e33ee265e07804741f36cfcad72\\h2-1.0.60.jar;C:\\Users\\julian.diaz\\.gradle\\caches\\modules-2\\files-2.1\\org.springframework.boot\\spring-boot-starter-test\\2.0.1.RELEASE\\d6204ede44fa7e1df01d25509837bfa4b767fa28\\spring-boot-starter-test-2.0.1.RELEASE.jar;C:\\Users\\julian.diaz\\.gradle\\caches\\modules-2\\files-2.1\\junit\\junit\\4.12\\2973d150c0dc1fefe998f834810d68f278ea58ec\\junit-4.12.jar;C:\\Users\\julian.diaz\\.gradle\\caches\\modules-2\\files-2.1\\org.mockito\\mockito-all\\1.10.19\\539df70269cc254a58cccc5d8e43286b4a73bf30\\mockito-all-1.10.19.jar;C:\\Users\\julian.diaz\\.gradle\\caches\\modules-2\\files-2.1\\org.springframework.restdocs\\spring-restdocs-mockmvc\\2.0.1.RELEASE\\707280ec69ef6698e8d1bea87d24db5cdea16ac8\\spring-restdocs-mockmvc-2.0.1.RELEASE.jar;C:\\Users\\julian.diaz\\.gradle\\caches\\modules-2\\files-2.1\\org.springframework.boot\\spring-boot-starter-json\\2.0.1.RELEASE\\f2e1aeeb1ac02bfa1b4f7254633484af1866fc65\\spring-boot-starter-json-2.0.1.RELEASE.jar;C:\\Users\\julian.diaz\\.gradle\\caches\\modules-2\\files-2.1\\org.springframework.boot\\spring-boot-starter\\2.0.1.RELEASE\\33abc1286b0aabea4f08ff4285d09e587835a716\\spring-boot-starter-2.0.1.RELEASE.jar;C:\\Users\\julian.diaz\\.gradle\\caches\\modules-2\\files-2.1\\org.springframework.data\\spring-data-rest-webmvc\\3.0.6.RELEASE\\8876124e689885cf2eacdce5887125052675a2fe\\spring-data-rest-webmvc-3.0.6.RELEASE.jar;C:\\Users\\julian.diaz\\.gradle\\caches\\modules-2\\files-2.1\\com.zaxxer\\HikariCP\\2.7.8\\4a3a604fa2efa89621aa498d04e000b2bed90c39\\HikariCP-2.7.8.jar;C:\\Users\\julian.diaz\\.gradle\\caches\\modules-2\\files-2.1\\org.springframework\\spring-jdbc\\5.0.5.RELEASE\\456bc4d2281c37aa2f2206651a3048a1d3559d2a\\spring-jdbc-5.0.5.RELEASE.jar;C:\\Users\\julian.diaz\\.gradle\\caches\\modules-2\\files-2.1\\org.hibernate.validator\\hibernate-validator\\6.0.9.Final\\b149e4cce82379f11f6129eb3187ca8ae5404005\\hibernate-validator-6.0.9.Final.jar;C:\\Users\\julian.diaz\\.gradle\\caches\\modules-2\\files-2.1\\org.springframework.ws\\spring-ws-core\\3.0.1.RELEASE\\ca63d9828451d2e286e863d47d18ce5c0844694\\spring-ws-core-3.0.1.RELEASE.jar;C:\\Users\\julian.diaz\\.gradle\\caches\\modules-2\\files-2.1\\org.springframework.data\\spring-data-rest-core\\3.0.6.RELEASE\\e8e75aa0c35f5b7be049b3c29fd512a9c72a0936\\spring-data-rest-core-3.0.6.RELEASE.jar;C:\\Users\\julian.diaz\\.gradle\\caches\\modules-2\\files-2.1\\org.springframework.hateoas\\spring-hateoas\\0.24.0.RELEASE\\b6401a781a58e0b2ab95242a553683e04300fe69\\spring-hateoas-0.24.0.RELEASE.jar;C:\\Users\\julian.diaz\\.gradle\\caches\\modules-2\\files-2.1\\org.springframework\\spring-webmvc\\5.0.5.RELEASE\\a7fd53c7ad06b0fa7dd4ff347de1b2dc508739e\\spring-webmvc-5.0.5.RELEASE.jar;C:\\Users\\julian.diaz\\.gradle\\caches\\modules-2\\files-2.1\\org.springframework.restdocs\\spring-restdocs-core\\2.0.1.RELEASE\\3aefa222a332450b32e1281411794361996934ef\\spring-restdocs-core-2.0.1.RELEASE.jar;C:\\Users\\julian.diaz\\.gradle\\caches\\modules-2\\files-2.1\\org.springframework\\spring-web\\5.0.5.RELEASE\\d51dbb5cabe72ae02e400577bac48f7fc94088de\\spring-web-5.0.5.RELEASE.jar;C:\\Users\\julian.diaz\\.gradle\\caches\\modules-2\\files-2.1\\org.springframework\\spring-oxm\\5.0.5.RELEASE\\cf4dcac4ed1ba50bfe681e1e51a0c6a616782dd0\\spring-oxm-5.0.5.RELEASE.jar;C:\\Users\\julian.diaz\\.gradle\\caches\\modules-2\\files-2.1\\javax.annotation\\javax.annotation-api\\1.3.2\\934c04d3cfef185a8008e7bf34331b79730a9d43\\javax.annotation-api-1.3.2.jar;C:\\Users\\julian.diaz\\.gradle\\caches\\modules-2\\files-2.1\\org.apache.tomcat.embed\\tomcat-embed-websocket\\8.5.29\\37786f4ca8a1597a91a0f437e659a76d1fcc5bf1\\tomcat-embed-websocket-8.5.29.jar;C:\\Users\\julian.diaz\\.gradle\\caches\\modules-2\\files-2.1\\org.apache.tomcat.embed\\tomcat-embed-core\\8.5.29\\51eac5adde4bc019261b787cb99e5548206908e6\\tomcat-embed-core-8.5.29.jar;C:\\Users\\julian.diaz\\.gradle\\caches\\modules-2\\files-2.1\\org.apache.tomcat.embed\\tomcat-embed-el\\8.5.29\\893fb2c87ec1aa248a7911d76c0c06b3fca6bc9b\\tomcat-embed-el-8.5.29.jar;C:\\Users\\julian.diaz\\.gradle\\caches\\modules-2\\files-2.1\\org.springframework.boot\\spring-boot-test-autoconfigure\\2.0.1.RELEASE\\c7a68c07f2a04323a67740f91d20818ec2e783b3\\spring-boot-test-autoconfigure-2.0.1.RELEASE.jar;C:\\Users\\julian.diaz\\.gradle\\caches\\modules-2\\files-2.1\\org.springframework.boot\\spring-boot-test\\2.0.1.RELEASE\\77cede07b0e9da6c87d0dabcfe3e53ac56747d73\\spring-boot-test-2.0.1.RELEASE.jar;C:\\Users\\julian.diaz\\.gradle\\caches\\modules-2\\files-2.1\\com.jayway.jsonpath\\json-path\\2.4.0\\765a4401ceb2dc8d40553c2075eb80a8fa35c2ae\\json-path-2.4.0.jar;C:\\Users\\julian.diaz\\.gradle\\caches\\modules-2\\files-2.1\\org.assertj\\assertj-core\\3.9.1\\c5ce126b15f28d56cd8f960c1a6a058b9c9aea87\\assertj-core-3.9.1.jar;C:\\Users\\julian.diaz\\.gradle\\caches\\modules-2\\files-2.1\\org.mockito\\mockito-core\\2.15.0\\b84bfbbc29cd22c9529409627af6ea2897f4fa85\\mockito-core-2.15.0.jar;C:\\Users\\julian.diaz\\.gradle\\caches\\modules-2\\files-2.1\\org.hamcrest\\hamcrest-library\\1.3\\4785a3c21320980282f9f33d0d1264a69040538f\\hamcrest-library-1.3.jar;C:\\Users\\julian.diaz\\.gradle\\caches\\modules-2\\files-2.1\\org.hamcrest\\hamcrest-core\\1.3\\42a25dc3219429f0e5d060061f71acb49bf010a0\\hamcrest-core-1.3.jar;C:\\Users\\julian.diaz\\.gradle\\caches\\modules-2\\files-2.1\\org.skyscreamer\\jsonassert\\1.5.0\\6c9d5fe2f59da598d9aefc1cfc6528ff3cf32df3\\jsonassert-1.5.0.jar;C:\\Users\\julian.diaz\\.gradle\\caches\\modules-2\\files-2.1\\org.springframework\\spring-test\\5.0.5.RELEASE\\f7e3b83447e54056a91de1294ae6888343648dff\\spring-test-5.0.5.RELEASE.jar;C:\\Users\\julian.diaz\\.gradle\\caches\\modules-2\\files-2.1\\org.springframework.boot\\spring-boot-autoconfigure\\2.0.1.RELEASE\\b0bf9d34ed70c6987a86cd58a009065e5fa02545\\spring-boot-autoconfigure-2.0.1.RELEASE.jar;C:\\Users\\julian.diaz\\.gradle\\caches\\modules-2\\files-2.1\\org.springframework.boot\\spring-boot\\2.0.1.RELEASE\\b8c5b14cbb0e52fdded8f98a8c1493cc74c7cf59\\spring-boot-2.0.1.RELEASE.jar;C:\\Users\\julian.diaz\\.gradle\\caches\\modules-2\\files-2.1\\org.springframework\\spring-tx\\5.0.5.RELEASE\\b772fbba533da282adc89f33e2619ee8a8bba601\\spring-tx-5.0.5.RELEASE.jar;C:\\Users\\julian.diaz\\.gradle\\caches\\modules-2\\files-2.1\\org.springframework.ws\\spring-xml\\3.0.1.RELEASE\\cd471d56a073f3badc58abbf56103cc3981defea\\spring-xml-3.0.1.RELEASE.jar;C:\\Users\\julian.diaz\\.gradle\\caches\\modules-2\\files-2.1\\org.springframework.plugin\\spring-plugin-core\\1.2.0.RELEASE\\f380e7760032e7d929184f8ad8a33716b75c0657\\spring-plugin-core-1.2.0.RELEASE.jar;C:\\Users\\julian.diaz\\.gradle\\caches\\modules-2\\files-2.1\\org.springframework\\spring-context\\5.0.5.RELEASE\\9cca4bf5acb693249a01c218f471c677b951d6e2\\spring-context-5.0.5.RELEASE.jar;C:\\Users\\julian.diaz\\.gradle\\caches\\modules-2\\files-2.1\\org.springframework\\spring-aop\\5.0.5.RELEASE\\b11b61b94d7fb752a1c9bf3461d655c3084fae47\\spring-aop-5.0.5.RELEASE.jar;C:\\Users\\julian.diaz\\.gradle\\caches\\modules-2\\files-2.1\\org.springframework.data\\spring-data-commons\\2.0.6.RELEASE\\4d65fdcbe258961e866f4f85c87c13193bbfd18c\\spring-data-commons-2.0.6.RELEASE.jar;C:\\Users\\julian.diaz\\.gradle\\caches\\modules-2\\files-2.1\\org.springframework\\spring-beans\\5.0.5.RELEASE\\984445863c0bbdaaf860615762d998b471a6bf92\\spring-beans-5.0.5.RELEASE.jar;C:\\Users\\julian.diaz\\.gradle\\caches\\modules-2\\files-2.1\\org.springframework\\spring-expression\\5.0.5.RELEASE\\fc6c7a95aeb7d00f4c65c338b08d97767eb0dd99\\spring-expression-5.0.5.RELEASE.jar;C:\\Users\\julian.diaz\\.gradle\\caches\\modules-2\\files-2.1\\org.springframework\\spring-core\\5.0.5.RELEASE\\1bd9feb1d9dac6accd27f5244b6c47cfcb55045c\\spring-core-5.0.5.RELEASE.jar;C:\\Users\\julian.diaz\\.gradle\\caches\\modules-2\\files-2.1\\org.xmlunit\\xmlunit-core\\2.5.1\\4ffdb346572a7356f7521cd3119ce5287d2e339d\\xmlunit-core-2.5.1.jar;C:\\Users\\julian.diaz\\.gradle\\caches\\modules-2\\files-2.1\\javax.servlet\\javax.servlet-api\\3.1.0\\3cd63d075497751784b2fa84be59432f4905bf7c\\javax.servlet-api-3.1.0.jar;C:\\Users\\julian.diaz\\.gradle\\caches\\modules-2\\files-2.1\\org.springframework.boot\\spring-boot-starter-logging\\2.0.1.RELEASE\\10681a28c95e9f9c0159327a1ed0c860517c7ad7\\spring-boot-starter-logging-2.0.1.RELEASE.jar;C:\\Users\\julian.diaz\\.gradle\\caches\\modules-2\\files-2.1\\org.yaml\\snakeyaml\\1.19\\2d998d3d674b172a588e54ab619854d073f555b5\\snakeyaml-1.19.jar;C:\\Users\\julian.diaz\\.gradle\\caches\\modules-2\\files-2.1\\com.fasterxml.jackson.datatype\\jackson-datatype-jdk8\\2.9.5\\23e37f085279ba316c0df923513b81609e1d1f6\\jackson-datatype-jdk8-2.9.5.jar;C:\\Users\\julian.diaz\\.gradle\\caches\\modules-2\\files-2.1\\com.fasterxml.jackson.datatype\\jackson-datatype-jsr310\\2.9.5\\d1f0d11e816bc04e222a261106ca138801841c2d\\jackson-datatype-jsr310-2.9.5.jar;C:\\Users\\julian.diaz\\.gradle\\caches\\modules-2\\files-2.1\\com.fasterxml.jackson.module\\jackson-module-parameter-names\\2.9.5\\f824c60751ffb7bfc3a0d30dfe0e42317d8e67f5\\jackson-module-parameter-names-2.9.5.jar;C:\\Users\\julian.diaz\\.gradle\\caches\\modules-2\\files-2.1\\com.fasterxml.jackson.core\\jackson-databind\\2.9.5\\3490508379d065fe3fcb80042b62f630f7588606\\jackson-databind-2.9.5.jar;C:\\Users\\julian.diaz\\.gradle\\caches\\modules-2\\files-2.1\\com.fasterxml.jackson.core\\jackson-annotations\\2.9.0\\7c10d545325e3a6e72e06381afe469fd40eb701\\jackson-annotations-2.9.0.jar;C:\\Users\\julian.diaz\\.gradle\\caches\\modules-2\\files-2.1\\ch.qos.logback\\logback-classic\\1.2.3\\7c4f3c474fb2c041d8028740440937705ebb473a\\logback-classic-1.2.3.jar;C:\\Users\\julian.diaz\\.gradle\\caches\\modules-2\\files-2.1\\org.apache.logging.log4j\\log4j-to-slf4j\\2.10.0\\f7e631ccf49cfc0aefa4a2a728da7d374c05bd3c\\log4j-to-slf4j-2.10.0.jar;C:\\Users\\julian.diaz\\.gradle\\caches\\modules-2\\files-2.1\\org.slf4j\\jul-to-slf4j\\1.7.25\\af5364cd6679bfffb114f0dec8a157aaa283b76\\jul-to-slf4j-1.7.25.jar;C:\\Users\\julian.diaz\\.gradle\\caches\\modules-2\\files-2.1\\org.slf4j\\slf4j-api\\1.7.25\\da76ca59f6a57ee3102f8f9bd9cee742973efa8a\\slf4j-api-1.7.25.jar;C:\\Users\\julian.diaz\\.gradle\\caches\\modules-2\\files-2.1\\javax.validation\\validation-api\\2.0.1.Final\\cb855558e6271b1b32e716d24cb85c7f583ce09e\\validation-api-2.0.1.Final.jar;C:\\Users\\julian.diaz\\.gradle\\caches\\modules-2\\files-2.1\\org.jboss.logging\\jboss-logging\\3.3.2.Final\\3789d00e859632e6c6206adc0c71625559e6e3b0\\jboss-logging-3.3.2.Final.jar;C:\\Users\\julian.diaz\\.gradle\\caches\\modules-2\\files-2.1\\com.fasterxml\\classmate\\1.3.4\\3d5f48f10bbe4eb7bd862f10c0583be2e0053c6\\classmate-1.3.4.jar;C:\\Users\\julian.diaz\\.gradle\\caches\\modules-2\\files-2.1\\commons-io\\commons-io\\2.5\\2852e6e05fbb95076fc091f6d1780f1f8fe35e0f\\commons-io-2.5.jar;C:\\Users\\julian.diaz\\.gradle\\caches\\modules-2\\files-2.1\\net.minidev\\json-smart\\2.3\\7396407491352ce4fa30de92efb158adb76b5b\\json-smart-2.3.jar;C:\\Users\\julian.diaz\\.gradle\\caches\\modules-2\\files-2.1\\net.bytebuddy\\byte-buddy\\1.7.11\\f02857a4e2c66ccbe7aaad6100a0a6c461bce9b3\\byte-buddy-1.7.11.jar;C:\\Users\\julian.diaz\\.gradle\\caches\\modules-2\\files-2.1\\net.bytebuddy\\byte-buddy-agent\\1.7.11\\b425a8933ca07edd03c6dbc8bc3b595fba9780de\\byte-buddy-agent-1.7.11.jar;C:\\Users\\julian.diaz\\.gradle\\caches\\modules-2\\files-2.1\\org.objenesis\\objenesis\\2.6\\639033469776fd37c08358c6b92a4761feb2af4b\\objenesis-2.6.jar;C:\\Users\\julian.diaz\\.gradle\\caches\\modules-2\\files-2.1\\com.vaadin.external.google\\android-json\\0.0.20131108.vaadin1\\fa26d351fe62a6a17f5cda1287c1c6110dec413f\\android-json-0.0.20131108.vaadin1.jar;C:\\Users\\julian.diaz\\.gradle\\caches\\modules-2\\files-2.1\\org.springframework\\spring-jcl\\5.0.5.RELEASE\\f4a2854b9d865e8b86717595aec16f877f8c6489\\spring-jcl-5.0.5.RELEASE.jar;C:\\Users\\julian.diaz\\.gradle\\caches\\modules-2\\files-2.1\\com.fasterxml.jackson.core\\jackson-core\\2.9.5\\a22ac51016944b06fd9ffbc9541c6e7ce5eea117\\jackson-core-2.9.5.jar;C:\\Users\\julian.diaz\\.gradle\\caches\\modules-2\\files-2.1\\org.atteo\\evo-inflector\\1.2.2\\2551aad98d65ac5464d81fe05f0e1516cfe471c9\\evo-inflector-1.2.2.jar;C:\\Users\\julian.diaz\\.gradle\\caches\\modules-2\\files-2.1\\net.minidev\\accessors-smart\\1.2\\c592b500269bfde36096641b01238a8350f8aa31\\accessors-smart-1.2.jar;C:\\Users\\julian.diaz\\.gradle\\caches\\modules-2\\files-2.1\\ch.qos.logback\\logback-core\\1.2.3\\864344400c3d4d92dfeb0a305dc87d953677c03c\\logback-core-1.2.3.jar;C:\\Users\\julian.diaz\\.gradle\\caches\\modules-2\\files-2.1\\org.apache.logging.log4j\\log4j-api\\2.10.0\\fec5797a55b786184a537abd39c3fa1449d752d6\\log4j-api-2.10.0.jar;C:\\Users\\julian.diaz\\.gradle\\caches\\modules-2\\files-2.1\\org.ow2.asm\\asm\\5.0.4\\da08b8cce7bbf903602a25a3a163ae252435795\\asm-5.0.4.jar, java.vm.vendor=Oracle Corporation, sun.arch.data.model=64, user.variant=, java.vendor.url=https://java.oracle.com/, user.timezone=America/Bogota, java.vm.specification.version=14, os.name=Windows 10, user.country=US, sun.java.launcher=SUN_STANDARD, sun.boot.library.path=C:\Program Files\Java\jdk-14.0.2\bin, sun.java.command=worker.org.gradle.process.internal.worker.GradleWorkerMain 'Gradle Test Executor 8', jdk.debug=release, sun.cpu.endian=little, user.home=C:\Users\julian.diaz, user.language=en, java.specification.vendor=Oracle Corporation, org.gradle.native=false, java.version.date=2020-07-14, java.home=C:\Program Files\Java\jdk-14.0.2, file.separator=\, java.vm.compressedOopsMode=32-bit, line.separator=
, java.vm.specification.vendor=Oracle Corporation, java.specification.name=Java Platform API Specification, user.script=, sun.management.compiler=HotSpot 64-Bit Tiered Compilers, java.runtime.version=14.0.2+12-46, user.name=julian.diaz, path.separator=;, os.version=10.0, java.runtime.name=Java(TM) SE Runtime Environment, file.encoding=windows-1252, java.vm.name=Java HotSpot(TM) 64-Bit Server VM, java.vendor.url.bug=https://bugreport.java.com/bugreport/, java.io.tmpdir=C:\Users\JULIAN~1.DIA\AppData\Local\Temp\, java.version=14.0.2, user.dir=C:\Users\julian.diaz\eclipse-workspace\programacionPago, os.arch=amd64, java.vm.specification.name=Java Virtual Machine Specification, sun.os.patch.level=, java.library.path=C:\Program Files\Java\jdk-14.0.2\bin;C:\WINDOWS\Sun\Java\bin;C:\WINDOWS\system32;C:\WINDOWS;C:\app\julian.diaz\product\18.0.0\dbhomeXE\bin;C:\Program Files\Common Files\Oracle\Java\javapath;C:\Program Files (x86)\Intel\iCLS Client\;C:\Program Files\Intel\iCLS Client\;C:\Oracle\product\12.2.0\client_1\bin;C:\Program Files\CollabNet\Subversion Client;C:\WINDOWS\system32;C:\WINDOWS;C:\WINDOWS\System32\Wbem;C:\WINDOWS\System32\WindowsPowerShell\v1.0\;C:\WINDOWS\System32\OpenSSH\;C:\Program Files\TortoiseSVN\bin;C:\Program Files\PuTTY\;C:\Program Files (x86)\Intel\Intel(R) Management Engine Components\DAL;C:\Program Files\Intel\Intel(R) Management Engine Components\DAL;C:\Program Files (x86)\Intel\Intel(R) Management Engine Components\IPT;C:\Program Files\Intel\Intel(R) Management Engine Components\IPT;C:\Program Files\Git\cmd;C:\gradle-6.5.1\bin;C:\Users\julian.diaz\AppData\Local\Microsoft\WindowsApps;., java.vm.info=mixed mode, sharing, java.vendor=Oracle Corporation, java.vm.version=14.0.2+12-46, sun.io.unicode.encoding=UnicodeLittle, java.class.version=58.0}}, SystemEnvironmentPropertySource@383952132 {name='systemEnvironment', properties={USERDOMAIN_ROAMINGPROFILE=CEIBA, LOCALAPPDATA=C:\Users\julian.diaz\AppData\Local, PROCESSOR_LEVEL=6, USERDOMAIN=CEIBA, LOGONSERVER=\\CRONOS, PROMPT=$P$G, ALLUSERSPROFILE=C:\ProgramData, PROCESSOR_ARCHITECTURE=AMD64, PSModulePath=C:\Program Files\WindowsPowerShell\Modules;C:\WINDOWS\system32\WindowsPowerShell\v1.0\Modules, SystemDrive=C:, =ExitCode=00000000, OneDrive=C:\Users\julian.diaz\OneDrive, =C:=C:\Users\julian.diaz\eclipse-workspace\programacionPago, APPDATA=C:\Users\julian.diaz\AppData\Roaming, DIRNAME=C:\gradle-6.5.1\bin\, JAVA_EXE=java.exe, USERNAME=julian.diaz, USERDNSDOMAIN=CEIBA.LOCAL, CMD_LINE_ARGS=--b build.gradle build, ProgramFiles(x86)=C:\Program Files (x86), CommonProgramFiles=C:\Program Files\Common Files, Path=C:\app\julian.diaz\product\18.0.0\dbhomeXE\bin;C:\Program Files\Common Files\Oracle\Java\javapath;C:\Program Files (x86)\Intel\iCLS Client\;C:\Program Files\Intel\iCLS Client\;C:\Oracle\product\12.2.0\client_1\bin;C:\Program Files\CollabNet\Subversion Client;C:\WINDOWS\system32;C:\WINDOWS;C:\WINDOWS\System32\Wbem;C:\WINDOWS\System32\WindowsPowerShell\v1.0\;C:\WINDOWS\System32\OpenSSH\;C:\Program Files\TortoiseSVN\bin;C:\Program Files\PuTTY\;C:\Program Files (x86)\Intel\Intel(R) Management Engine Components\DAL;C:\Program Files\Intel\Intel(R) Management Engine Components\DAL;C:\Program Files (x86)\Intel\Intel(R) Management Engine Components\IPT;C:\Program Files\Intel\Intel(R) Management Engine Components\IPT;C:\Program Files\Git\cmd;C:\gradle-6.5.1\bin;C:\Users\julian.diaz\AppData\Local\Microsoft\WindowsApps, APP_HOME=C:\gradle-6.5.1, DEFAULT_JVM_OPTS="-Xmx64m" "-Xms64m", PATHEXT=.COM;.EXE;.BAT;.CMD;.VBS;.VBE;.JS;.JSE;.WSF;.WSH;.MSC, DriverData=C:\Windows\System32\Drivers\DriverData, OS=Windows_NT, COMPUTERNAME=JULIAN-DIAZ, PROCESSOR_REVISION=3c03, CLASSPATH=C:\gradle-6.5.1\lib\gradle-launcher-6.5.1.jar, CommonProgramW6432=C:\Program Files\Common Files, ComSpec=C:\WINDOWS\system32\cmd.exe, APP_BASE_NAME=gradle, ProgramData=C:\ProgramData, ProgramW6432=C:\Program Files, HOMEPATH=\Users\julian.diaz, SystemRoot=C:\WINDOWS, TEMP=C:\Users\JULIAN~1.DIA\AppData\Local\Temp, HOMEDRIVE=C:, PROCESSOR_IDENTIFIER=Intel64 Family 6 Model 60 Stepping 3, GenuineIntel, USERPROFILE=C:\Users\julian.diaz, TMP=C:\Users\JULIAN~1.DIA\AppData\Local\Temp, CommonProgramFiles(x86)=C:\Program Files (x86)\Common Files, ProgramFiles=C:\Program Files, PUBLIC=C:\Users\Public, NUMBER_OF_PROCESSORS=4, windir=C:\WINDOWS, _SKIP=2}}]
11:02:12.339 [Test worker] DEBUG org.springframework.test.context.support.TestPropertySourceUtils - Adding inlined properties to environment: {spring.jmx.enabled=false, org.springframework.boot.test.context.SpringBootTestContextBootstrapper=true, server.port=-1}
11:02:12.341 [Test worker] DEBUG org.springframework.core.env.StandardEnvironment - Adding PropertySource 'Inlined Test Properties' with highest search precedence

  .   ____          _            __ _ _
 /\\ / ___'_ __ _ _(_)_ __  __ _ \ \ \ \
( ( )\___ | '_ | '_| | '_ \/ _` | \ \ \ \
 \\/  ___)| |_)| | | | | || (_| |  ) ) ) )
  '  |____| .__|_| |_|_| |_\__, | / / / /
 =========|_|==============|___/=/_/_/_/
 :: Spring Boot ::        (v2.0.1.RELEASE)

2020-07-27 11:02:13.365  INFO 17136 --- [    Test worker] .d.i.c.ComandoControladorProgramadorTest : Starting ComandoControladorProgramadorTest on JULIAN-DIAZ with PID 17136 (started by julian.diaz in C:\Users\julian.diaz\eclipse-workspace\programacionPago)
2020-07-27 11:02:13.368  INFO 17136 --- [    Test worker] .d.i.c.ComandoControladorProgramadorTest : No active profile set, falling back to default profiles: default
2020-07-27 11:02:13.479  INFO 17136 --- [    Test worker] o.s.w.c.s.GenericWebApplicationContext   : Refreshing org.springframework.web.context.support.GenericWebApplicationContext@765d4fe9: startup date [Mon Jul 27 11:02:13 COT 2020]; root of context hierarchy
2020-07-27 11:02:15.623  INFO 17136 --- [    Test worker] o.s.b.f.s.DefaultListableBeanFactory     : Overriding bean definition for bean 'httpRequestHandlerAdapter' with a different definition: replacing [Root bean: class [null]; scope=; abstract=false; lazyInit=false; autowireMode=3; dependencyCheck=0; autowireCandidate=true; primary=false; factoryBeanName=org.springframework.boot.autoconfigure.web.servlet.WebMvcAutoConfiguration$EnableWebMvcConfiguration; factoryMethodName=httpRequestHandlerAdapter; initMethodName=null; destroyMethodName=(inferred); defined in class path resource [org/springframework/boot/autoconfigure/web/servlet/WebMvcAutoConfiguration$EnableWebMvcConfiguration.class]] with [Root bean: class [null]; scope=; abstract=false; lazyInit=false; autowireMode=3; dependencyCheck=0; autowireCandidate=true; primary=false; factoryBeanName=org.springframework.data.rest.webmvc.config.RepositoryRestMvcConfiguration; factoryMethodName=httpRequestHandlerAdapter; initMethodName=null; destroyMethodName=(inferred); defined in class path resource [org/springframework/data/rest/webmvc/config/RepositoryRestMvcConfiguration.class]]
2020-07-27 11:02:16.999  INFO 17136 --- [    Test worker] trationDelegate$BeanPostProcessorChecker : Bean 'org.springframework.ws.config.annotation.DelegatingWsConfiguration' of type [org.springframework.ws.config.annotation.DelegatingWsConfiguration$$EnhancerBySpringCGLIB$$6c80ca9e] is not eligible for getting processed by all BeanPostProcessors (for example: not eligible for auto-proxying)
2020-07-27 11:02:17.123  INFO 17136 --- [    Test worker] .w.s.a.s.AnnotationActionEndpointMapping : Supporting [WS-Addressing August 2004, WS-Addressing 1.0]
2020-07-27 11:02:17.181  INFO 17136 --- [    Test worker] trationDelegate$BeanPostProcessorChecker : Bean 'org.springframework.transaction.annotation.ProxyTransactionManagementConfiguration' of type [org.springframework.transaction.annotation.ProxyTransactionManagementConfiguration$$EnhancerBySpringCGLIB$$c7e9059f] is not eligible for getting processed by all BeanPostProcessors (for example: not eligible for auto-proxying)
2020-07-27 11:02:17.543  INFO 17136 --- [    Test worker] com.zaxxer.hikari.HikariDataSource       : HikariPool-1 - Starting...
2020-07-27 11:02:17.881  INFO 17136 --- [    Test worker] com.zaxxer.hikari.pool.PoolBase          : HikariPool-1 - Driver does not support get/set network timeout for connections. (Receiver class org.h2.jdbc.JdbcConnection does not define or inherit an implementation of the resolved method 'abstract int getNetworkTimeout()' of interface java.sql.Connection.)
2020-07-27 11:02:17.913  INFO 17136 --- [    Test worker] com.zaxxer.hikari.HikariDataSource       : HikariPool-1 - Start completed.
2020-07-27 11:02:17.965  INFO 17136 --- [    Test worker] o.s.jdbc.datasource.init.ScriptUtils     : Executing SQL script from URL [file:/C:/Users/julian.diaz/eclipse-workspace/programacionPago/build/resources/main/schema.sql]
2020-07-27 11:02:17.988  INFO 17136 --- [    Test worker] o.s.jdbc.datasource.init.ScriptUtils     : Executed SQL script from URL [file:/C:/Users/julian.diaz/eclipse-workspace/programacionPago/build/resources/main/schema.sql] in 23 ms.
2020-07-27 11:02:17.992  INFO 17136 --- [    Test worker] o.s.jdbc.datasource.init.ScriptUtils     : Executing SQL script from URL [file:/C:/Users/julian.diaz/eclipse-workspace/programacionPago/build/resources/main/data.sql]
2020-07-27 11:02:18.006  INFO 17136 --- [    Test worker] o.s.jdbc.datasource.init.ScriptUtils     : Executed SQL script from URL [file:/C:/Users/julian.diaz/eclipse-workspace/programacionPago/build/resources/main/data.sql] in 13 ms.
2020-07-27 11:02:19.760  INFO 17136 --- [    Test worker] o.s.w.s.handler.SimpleUrlHandlerMapping  : Mapped URL path [/**/favicon.ico] onto handler of type [class org.springframework.web.servlet.resource.ResourceHttpRequestHandler]
2020-07-27 11:02:20.254  INFO 17136 --- [    Test worker] s.w.s.m.m.a.RequestMappingHandlerAdapter : Looking for @ControllerAdvice: org.springframework.web.context.support.GenericWebApplicationContext@765d4fe9: startup date [Mon Jul 27 11:02:13 COT 2020]; root of context hierarchy
2020-07-27 11:02:20.407  INFO 17136 --- [    Test worker] s.w.s.m.m.a.RequestMappingHandlerMapping : Mapped "{[/privada/programar/crear-pago],methods=[POST]}" onto public void co.com.ceiba.julian.diaz.infraestructura.ceiba.controlador.ComandoControladorProgramador.crear(co.com.ceiba.julian.diaz.aplicacion.comando.ComandoProgramar)
2020-07-27 11:02:20.410  INFO 17136 --- [    Test worker] s.w.s.m.m.a.RequestMappingHandlerMapping : Mapped "{[/privada/programar/modificar-pago],methods=[POST]}" onto public void co.com.ceiba.julian.diaz.infraestructura.ceiba.controlador.ComandoControladorProgramador.modificar(co.com.ceiba.julian.diaz.aplicacion.comando.ComandoProgramar)
2020-07-27 11:02:20.410  INFO 17136 --- [    Test worker] s.w.s.m.m.a.RequestMappingHandlerMapping : Mapped "{[/privada/programar/borrar-pago],methods=[POST]}" onto public void co.com.ceiba.julian.diaz.infraestructura.ceiba.controlador.ComandoControladorProgramador.borrar(co.com.ceiba.julian.diaz.aplicacion.comando.ComandoProgramar)
2020-07-27 11:02:20.414  INFO 17136 --- [    Test worker] s.w.s.m.m.a.RequestMappingHandlerMapping : Mapped "{[/privada/programar/buscar-pagos-usuario],methods=[POST]}" onto public java.util.Collection<co.com.ceiba.julian.diaz.dominio.modelo.dto.DtoProgramar> co.com.ceiba.julian.diaz.infraestructura.ceiba.controlador.ConsultaControladorProgramar.buscarPagosUsuarioProgramar(co.com.ceiba.julian.diaz.aplicacion.comando.ComandoProgramar)
2020-07-27 11:02:20.415  INFO 17136 --- [    Test worker] s.w.s.m.m.a.RequestMappingHandlerMapping : Mapped "{[/privada/programar/listar],methods=[GET]}" onto public java.util.Collection<co.com.ceiba.julian.diaz.dominio.modelo.dto.DtoProgramar> co.com.ceiba.julian.diaz.infraestructura.ceiba.controlador.ConsultaControladorProgramar.listar()
2020-07-27 11:02:20.419  INFO 17136 --- [    Test worker] s.w.s.m.m.a.RequestMappingHandlerMapping : Mapped "{[/error]}" onto public org.springframework.http.ResponseEntity<java.util.Map<java.lang.String, java.lang.Object>> org.springframework.boot.autoconfigure.web.servlet.error.BasicErrorController.error(javax.servlet.http.HttpServletRequest)
2020-07-27 11:02:20.420  INFO 17136 --- [    Test worker] s.w.s.m.m.a.RequestMappingHandlerMapping : Mapped "{[/error],produces=[text/html]}" onto public org.springframework.web.servlet.ModelAndView org.springframework.boot.autoconfigure.web.servlet.error.BasicErrorController.errorHtml(javax.servlet.http.HttpServletRequest,javax.servlet.http.HttpServletResponse)
2020-07-27 11:02:20.472  INFO 17136 --- [    Test worker] o.s.w.s.handler.SimpleUrlHandlerMapping  : Mapped URL path [/webjars/**] onto handler of type [class org.springframework.web.servlet.resource.ResourceHttpRequestHandler]
2020-07-27 11:02:20.473  INFO 17136 --- [    Test worker] o.s.w.s.handler.SimpleUrlHandlerMapping  : Mapped URL path [/**] onto handler of type [class org.springframework.web.servlet.resource.ResourceHttpRequestHandler]
2020-07-27 11:02:20.491  INFO 17136 --- [    Test worker] .m.m.a.ExceptionHandlerExceptionResolver : Detected @ExceptionHandler methods in manejadorError
2020-07-27 11:02:20.492  INFO 17136 --- [    Test worker] .m.m.a.ExceptionHandlerExceptionResolver : Detected @ExceptionHandler methods in repositoryRestExceptionHandler
2020-07-27 11:02:20.760  INFO 17136 --- [    Test worker] o.s.d.r.w.RepositoryRestHandlerAdapter   : Looking for @ControllerAdvice: org.springframework.web.context.support.GenericWebApplicationContext@765d4fe9: startup date [Mon Jul 27 11:02:13 COT 2020]; root of context hierarchy
2020-07-27 11:02:20.778  INFO 17136 --- [    Test worker] o.s.d.r.w.RepositoryRestHandlerMapping   : Mapped "{[/{repository}/search/{search}],methods=[GET],produces=[application/x-spring-data-compact+json]}" onto public org.springframework.hateoas.ResourceSupport org.springframework.data.rest.webmvc.RepositorySearchController.executeSearchCompact(org.springframework.data.rest.webmvc.RootResourceInformation,org.springframework.http.HttpHeaders,org.springframework.util.MultiValueMap<java.lang.String, java.lang.Object>,java.lang.String,java.lang.String,org.springframework.data.rest.webmvc.support.DefaultedPageable,org.springframework.data.domain.Sort,org.springframework.data.rest.webmvc.PersistentEntityResourceAssembler)
2020-07-27 11:02:20.779  INFO 17136 --- [    Test worker] o.s.d.r.w.RepositoryRestHandlerMapping   : Mapped "{[/{repository}/search/{search}],methods=[HEAD],produces=[application/hal+json || application/json]}" onto public org.springframework.http.ResponseEntity<java.lang.Object> org.springframework.data.rest.webmvc.RepositorySearchController.headForSearch(org.springframework.data.rest.webmvc.RootResourceInformation,java.lang.String)
2020-07-27 11:02:20.780  INFO 17136 --- [    Test worker] o.s.d.r.w.RepositoryRestHandlerMapping   : Mapped "{[/{repository}/search],methods=[HEAD],produces=[application/hal+json || application/json]}" onto public org.springframework.http.HttpEntity<?> org.springframework.data.rest.webmvc.RepositorySearchController.headForSearches(org.springframework.data.rest.webmvc.RootResourceInformation)
2020-07-27 11:02:20.780  INFO 17136 --- [    Test worker] o.s.d.r.w.RepositoryRestHandlerMapping   : Mapped "{[/{repository}/search],methods=[GET],produces=[application/hal+json || application/json]}" onto public org.springframework.data.rest.webmvc.RepositorySearchesResource org.springframework.data.rest.webmvc.RepositorySearchController.listSearches(org.springframework.data.rest.webmvc.RootResourceInformation)
2020-07-27 11:02:20.781  INFO 17136 --- [    Test worker] o.s.d.r.w.RepositoryRestHandlerMapping   : Mapped "{[/{repository}/search/{search}],methods=[GET],produces=[application/hal+json || application/json]}" onto public org.springframework.http.ResponseEntity<?> org.springframework.data.rest.webmvc.RepositorySearchController.executeSearch(org.springframework.data.rest.webmvc.RootResourceInformation,org.springframework.util.MultiValueMap<java.lang.String, java.lang.Object>,java.lang.String,org.springframework.data.rest.webmvc.support.DefaultedPageable,org.springframework.data.domain.Sort,org.springframework.data.rest.webmvc.PersistentEntityResourceAssembler,org.springframework.http.HttpHeaders)
2020-07-27 11:02:20.785  INFO 17136 --- [    Test worker] o.s.d.r.w.RepositoryRestHandlerMapping   : Mapped "{[/{repository}/search/{search}],methods=[OPTIONS],produces=[application/hal+json || application/json]}" onto public org.springframework.http.ResponseEntity<java.lang.Object> org.springframework.data.rest.webmvc.RepositorySearchController.optionsForSearch(org.springframework.data.rest.webmvc.RootResourceInformation,java.lang.String)
2020-07-27 11:02:20.787  INFO 17136 --- [    Test worker] o.s.d.r.w.RepositoryRestHandlerMapping   : Mapped "{[/{repository}/search],methods=[OPTIONS],produces=[application/hal+json || application/json]}" onto public org.springframework.http.HttpEntity<?> org.springframework.data.rest.webmvc.RepositorySearchController.optionsForSearches(org.springframework.data.rest.webmvc.RootResourceInformation)
2020-07-27 11:02:20.792  INFO 17136 --- [    Test worker] o.s.d.r.w.RepositoryRestHandlerMapping   : Mapped "{[/{repository}/{id}/{property}],methods=[GET],produces=[application/x-spring-data-compact+json || text/uri-list]}" onto public org.springframework.http.ResponseEntity<org.springframework.hateoas.ResourceSupport> org.springframework.data.rest.webmvc.RepositoryPropertyReferenceController.followPropertyReferenceCompact(org.springframework.data.rest.webmvc.RootResourceInformation,java.io.Serializable,java.lang.String,org.springframework.data.rest.webmvc.PersistentEntityResourceAssembler) throws java.lang.Exception
2020-07-27 11:02:20.795  INFO 17136 --- [    Test worker] o.s.d.r.w.RepositoryRestHandlerMapping   : Mapped "{[/{repository}/{id}/{property}/{propertyId}],methods=[GET],produces=[application/hal+json || application/json]}" onto public org.springframework.http.ResponseEntity<org.springframework.hateoas.ResourceSupport> org.springframework.data.rest.webmvc.RepositoryPropertyReferenceController.followPropertyReference(org.springframework.data.rest.webmvc.RootResourceInformation,java.io.Serializable,java.lang.String,java.lang.String,org.springframework.data.rest.webmvc.PersistentEntityResourceAssembler) throws java.lang.Exception
2020-07-27 11:02:20.796  INFO 17136 --- [    Test worker] o.s.d.r.w.RepositoryRestHandlerMapping   : Mapped "{[/{repository}/{id}/{property}],methods=[GET],produces=[application/hal+json || application/json]}" onto public org.springframework.http.ResponseEntity<org.springframework.hateoas.ResourceSupport> org.springframework.data.rest.webmvc.RepositoryPropertyReferenceController.followPropertyReference(org.springframework.data.rest.webmvc.RootResourceInformation,java.io.Serializable,java.lang.String,org.springframework.data.rest.webmvc.PersistentEntityResourceAssembler) throws java.lang.Exception
2020-07-27 11:02:20.797  INFO 17136 --- [    Test worker] o.s.d.r.w.RepositoryRestHandlerMapping   : Mapped "{[/{repository}/{id}/{property}],methods=[DELETE],produces=[application/hal+json || application/json]}" onto public org.springframework.http.ResponseEntity<? extends org.springframework.hateoas.ResourceSupport> org.springframework.data.rest.webmvc.RepositoryPropertyReferenceController.deletePropertyReference(org.springframework.data.rest.webmvc.RootResourceInformation,java.io.Serializable,java.lang.String) throws java.lang.Exception
2020-07-27 11:02:20.798  INFO 17136 --- [    Test worker] o.s.d.r.w.RepositoryRestHandlerMapping   : Mapped "{[/{repository}/{id}/{property}],methods=[PATCH || PUT || POST],consumes=[application/json || application/x-spring-data-compact+json || text/uri-list],produces=[application/hal+json || application/json]}" onto public org.springframework.http.ResponseEntity<? extends org.springframework.hateoas.ResourceSupport> org.springframework.data.rest.webmvc.RepositoryPropertyReferenceController.createPropertyReference(org.springframework.data.rest.webmvc.RootResourceInformation,org.springframework.http.HttpMethod,org.springframework.hateoas.Resources<java.lang.Object>,java.io.Serializable,java.lang.String) throws java.lang.Exception
2020-07-27 11:02:20.799  INFO 17136 --- [    Test worker] o.s.d.r.w.RepositoryRestHandlerMapping   : Mapped "{[/{repository}/{id}/{property}/{propertyId}],methods=[DELETE],produces=[application/hal+json || application/json]}" onto public org.springframework.http.ResponseEntity<org.springframework.hateoas.ResourceSupport> org.springframework.data.rest.webmvc.RepositoryPropertyReferenceController.deletePropertyReferenceId(org.springframework.data.rest.webmvc.RootResourceInformation,java.io.Serializable,java.lang.String,java.lang.String) throws java.lang.Exception
2020-07-27 11:02:20.803  INFO 17136 --- [    Test worker] o.s.d.r.w.RepositoryRestHandlerMapping   : Mapped "{[/ || ],methods=[GET],produces=[application/hal+json || application/json]}" onto public org.springframework.http.HttpEntity<org.springframework.data.rest.webmvc.RepositoryLinksResource> org.springframework.data.rest.webmvc.RepositoryController.listRepositories()
2020-07-27 11:02:20.803  INFO 17136 --- [    Test worker] o.s.d.r.w.RepositoryRestHandlerMapping   : Mapped "{[/ || ],methods=[OPTIONS],produces=[application/hal+json || application/json]}" onto public org.springframework.http.HttpEntity<?> org.springframework.data.rest.webmvc.RepositoryController.optionsForRepositories()
2020-07-27 11:02:20.804  INFO 17136 --- [    Test worker] o.s.d.r.w.RepositoryRestHandlerMapping   : Mapped "{[/ || ],methods=[HEAD],produces=[application/hal+json || application/json]}" onto public org.springframework.http.ResponseEntity<?> org.springframework.data.rest.webmvc.RepositoryController.headForRepositories()
2020-07-27 11:02:20.807  INFO 17136 --- [    Test worker] o.s.d.r.w.RepositoryRestHandlerMapping   : Mapped "{[/{repository}/{id}],methods=[PATCH],produces=[application/hal+json || application/json]}" onto public org.springframework.http.ResponseEntity<org.springframework.hateoas.ResourceSupport> org.springframework.data.rest.webmvc.RepositoryEntityController.patchItemResource(org.springframework.data.rest.webmvc.RootResourceInformation,org.springframework.data.rest.webmvc.PersistentEntityResource,java.io.Serializable,org.springframework.data.rest.webmvc.PersistentEntityResourceAssembler,org.springframework.data.rest.webmvc.support.ETag,java.lang.String) throws org.springframework.web.HttpRequestMethodNotSupportedException,org.springframework.data.rest.webmvc.ResourceNotFoundException
2020-07-27 11:02:20.808  INFO 17136 --- [    Test worker] o.s.d.r.w.RepositoryRestHandlerMapping   : Mapped "{[/{repository}/{id}],methods=[PUT],produces=[application/hal+json || application/json]}" onto public org.springframework.http.ResponseEntity<? extends org.springframework.hateoas.ResourceSupport> org.springframework.data.rest.webmvc.RepositoryEntityController.putItemResource(org.springframework.data.rest.webmvc.RootResourceInformation,org.springframework.data.rest.webmvc.PersistentEntityResource,java.io.Serializable,org.springframework.data.rest.webmvc.PersistentEntityResourceAssembler,org.springframework.data.rest.webmvc.support.ETag,java.lang.String) throws org.springframework.web.HttpRequestMethodNotSupportedException
2020-07-27 11:02:20.809  INFO 17136 --- [    Test worker] o.s.d.r.w.RepositoryRestHandlerMapping   : Mapped "{[/{repository}/{id}],methods=[GET],produces=[application/hal+json || application/json]}" onto public org.springframework.http.ResponseEntity<org.springframework.hateoas.Resource<?>> org.springframework.data.rest.webmvc.RepositoryEntityController.getItemResource(org.springframework.data.rest.webmvc.RootResourceInformation,java.io.Serializable,org.springframework.data.rest.webmvc.PersistentEntityResourceAssembler,org.springframework.http.HttpHeaders) throws org.springframework.web.HttpRequestMethodNotSupportedException
2020-07-27 11:02:20.809  INFO 17136 --- [    Test worker] o.s.d.r.w.RepositoryRestHandlerMapping   : Mapped "{[/{repository}/{id}],methods=[DELETE],produces=[application/hal+json || application/json]}" onto public org.springframework.http.ResponseEntity<?> org.springframework.data.rest.webmvc.RepositoryEntityController.deleteItemResource(org.springframework.data.rest.webmvc.RootResourceInformation,java.io.Serializable,org.springframework.data.rest.webmvc.support.ETag) throws org.springframework.data.rest.webmvc.ResourceNotFoundException,org.springframework.web.HttpRequestMethodNotSupportedException
2020-07-27 11:02:20.810  INFO 17136 --- [    Test worker] o.s.d.r.w.RepositoryRestHandlerMapping   : Mapped "{[/{repository}],methods=[OPTIONS],produces=[application/hal+json || application/json]}" onto public org.springframework.http.ResponseEntity<?> org.springframework.data.rest.webmvc.RepositoryEntityController.optionsForCollectionResource(org.springframework.data.rest.webmvc.RootResourceInformation)
2020-07-27 11:02:20.811  INFO 17136 --- [    Test worker] o.s.d.r.w.RepositoryRestHandlerMapping   : Mapped "{[/{repository}],methods=[GET],produces=[application/x-spring-data-compact+json || text/uri-list]}" onto public org.springframework.hateoas.Resources<?> org.springframework.data.rest.webmvc.RepositoryEntityController.getCollectionResourceCompact(org.springframework.data.rest.webmvc.RootResourceInformation,org.springframework.data.rest.webmvc.support.DefaultedPageable,org.springframework.data.domain.Sort,org.springframework.data.rest.webmvc.PersistentEntityResourceAssembler) throws org.springframework.data.rest.webmvc.ResourceNotFoundException,org.springframework.web.HttpRequestMethodNotSupportedException
2020-07-27 11:02:20.811  INFO 17136 --- [    Test worker] o.s.d.r.w.RepositoryRestHandlerMapping   : Mapped "{[/{repository}],methods=[GET],produces=[application/hal+json || application/json]}" onto public org.springframework.hateoas.Resources<?> org.springframework.data.rest.webmvc.RepositoryEntityController.getCollectionResource(org.springframework.data.rest.webmvc.RootResourceInformation,org.springframework.data.rest.webmvc.support.DefaultedPageable,org.springframework.data.domain.Sort,org.springframework.data.rest.webmvc.PersistentEntityResourceAssembler) throws org.springframework.data.rest.webmvc.ResourceNotFoundException,org.springframework.web.HttpRequestMethodNotSupportedException
2020-07-27 11:02:20.812  INFO 17136 --- [    Test worker] o.s.d.r.w.RepositoryRestHandlerMapping   : Mapped "{[/{repository}/{id}],methods=[HEAD],produces=[application/hal+json || application/json]}" onto public org.springframework.http.ResponseEntity<?> org.springframework.data.rest.webmvc.RepositoryEntityController.headForItemResource(org.springframework.data.rest.webmvc.RootResourceInformation,java.io.Serializable,org.springframework.data.rest.webmvc.PersistentEntityResourceAssembler) throws org.springframework.web.HttpRequestMethodNotSupportedException
2020-07-27 11:02:20.814  INFO 17136 --- [    Test worker] o.s.d.r.w.RepositoryRestHandlerMapping   : Mapped "{[/{repository}],methods=[POST],produces=[application/hal+json || application/json]}" onto public org.springframework.http.ResponseEntity<org.springframework.hateoas.ResourceSupport> org.springframework.data.rest.webmvc.RepositoryEntityController.postCollectionResource(org.springframework.data.rest.webmvc.RootResourceInformation,org.springframework.data.rest.webmvc.PersistentEntityResource,org.springframework.data.rest.webmvc.PersistentEntityResourceAssembler,java.lang.String) throws org.springframework.web.HttpRequestMethodNotSupportedException
2020-07-27 11:02:20.814  INFO 17136 --- [    Test worker] o.s.d.r.w.RepositoryRestHandlerMapping   : Mapped "{[/{repository}/{id}],methods=[OPTIONS],produces=[application/hal+json || application/json]}" onto public org.springframework.http.ResponseEntity<?> org.springframework.data.rest.webmvc.RepositoryEntityController.optionsForItemResource(org.springframework.data.rest.webmvc.RootResourceInformation)
2020-07-27 11:02:20.815  INFO 17136 --- [    Test worker] o.s.d.r.w.RepositoryRestHandlerMapping   : Mapped "{[/{repository}],methods=[HEAD],produces=[application/hal+json || application/json]}" onto public org.springframework.http.ResponseEntity<?> org.springframework.data.rest.webmvc.RepositoryEntityController.headCollectionResource(org.springframework.data.rest.webmvc.RootResourceInformation,org.springframework.data.rest.webmvc.support.DefaultedPageable) throws org.springframework.web.HttpRequestMethodNotSupportedException
2020-07-27 11:02:20.821  INFO 17136 --- [    Test worker] o.s.d.r.w.BasePathAwareHandlerMapping    : Mapped "{[/profile/{repository}],methods=[GET],produces=[application/schema+json]}" onto public org.springframework.http.HttpEntity<org.springframework.data.rest.webmvc.json.JsonSchema> org.springframework.data.rest.webmvc.RepositorySchemaController.schema(org.springframework.data.rest.webmvc.RootResourceInformation)
2020-07-27 11:02:20.823  INFO 17136 --- [    Test worker] o.s.d.r.w.BasePathAwareHandlerMapping    : Mapped "{[/profile/{repository}],methods=[GET],produces=[application/alps+json || */*]}" onto org.springframework.http.HttpEntity<org.springframework.data.rest.webmvc.RootResourceInformation> org.springframework.data.rest.webmvc.alps.AlpsController.descriptor(org.springframework.data.rest.webmvc.RootResourceInformation)
2020-07-27 11:02:20.823  INFO 17136 --- [    Test worker] o.s.d.r.w.BasePathAwareHandlerMapping    : Mapped "{[/profile/{repository}],methods=[OPTIONS],produces=[application/alps+json]}" onto org.springframework.http.HttpEntity<?> org.springframework.data.rest.webmvc.alps.AlpsController.alpsOptions()
2020-07-27 11:02:20.824  INFO 17136 --- [    Test worker] o.s.d.r.w.BasePathAwareHandlerMapping    : Mapped "{[/profile],methods=[OPTIONS]}" onto public org.springframework.http.HttpEntity<?> org.springframework.data.rest.webmvc.ProfileController.profileOptions()
2020-07-27 11:02:20.825  INFO 17136 --- [    Test worker] o.s.d.r.w.BasePathAwareHandlerMapping    : Mapped "{[/profile],methods=[GET]}" onto org.springframework.http.HttpEntity<org.springframework.hateoas.ResourceSupport> org.springframework.data.rest.webmvc.ProfileController.listAllFormsOfMetadata()
2020-07-27 11:02:21.270  INFO 17136 --- [    Test worker] o.s.b.t.m.w.SpringBootMockServletContext : Initializing Spring FrameworkServlet ''
2020-07-27 11:02:21.270  INFO 17136 --- [    Test worker] o.s.t.web.servlet.TestDispatcherServlet  : FrameworkServlet '': initialization started
2020-07-27 11:02:21.307  INFO 17136 --- [    Test worker] o.s.t.web.servlet.TestDispatcherServlet  : FrameworkServlet '': initialization completed in 36 ms
2020-07-27 11:02:21.374  INFO 17136 --- [    Test worker] .d.i.c.ComandoControladorProgramadorTest : Started ComandoControladorProgramadorTest in 8.993 seconds (JVM running for 12.986)
]]></system-out>
  <system-err><![CDATA[]]></system-err>
</testsuite>
