<?xml version="1.0" encoding="UTF-8"?>
<testsuite name="co.com.ceiba.julian.diaz.dominio.servicio.ServicioCrearProgramarTest" tests="1" skipped="0" failures="0" errors="0" timestamp="2020-07-27T16:02:10" hostname="JULIAN-DIAZ" time="0.005">
  <properties/>
  <testcase name="validarExistenciaPrevia" classname="co.com.ceiba.julian.diaz.dominio.servicio.ServicioCrearProgramarTest" time="0.005"/>
  <system-out><![CDATA[]]></system-out>
  <system-err><![CDATA[]]></system-err>
</testsuite>
