<?xml version="1.0" encoding="UTF-8"?>
<testsuite name="co.com.ceiba.julian.diaz.infraestructura.controlador.ConsultaControladorProgramarTest" tests="2" skipped="0" failures="0" errors="0" timestamp="2020-07-27T16:02:21" hostname="JULIAN-DIAZ" time="0.053">
  <properties/>
  <testcase name="listar" classname="co.com.ceiba.julian.diaz.infraestructura.controlador.ConsultaControladorProgramarTest" time="0.042"/>
  <testcase name="buscarPagosUsuario" classname="co.com.ceiba.julian.diaz.infraestructura.controlador.ConsultaControladorProgramarTest" time="0.009"/>
  <system-out><![CDATA[2020-07-27 11:02:21.779  INFO 17136 --- [    Test worker] .b.t.c.SpringBootTestContextBootstrapper : Neither @ContextConfiguration nor @ContextHierarchy found for test class [co.com.ceiba.julian.diaz.infraestructura.controlador.ConsultaControladorProgramarTest], using SpringBootContextLoader
2020-07-27 11:02:21.781  INFO 17136 --- [    Test worker] o.s.t.c.support.AbstractContextLoader    : Could not detect default resource locations for test class [co.com.ceiba.julian.diaz.infraestructura.controlador.ConsultaControladorProgramarTest]: no resource found for suffixes {-context.xml, Context.groovy}.
2020-07-27 11:02:21.789  INFO 17136 --- [    Test worker] .b.t.c.SpringBootTestContextBootstrapper : Loaded default TestExecutionListener class names from location [META-INF/spring.factories]: [org.springframework.boot.test.autoconfigure.restdocs.RestDocsTestExecutionListener, org.springframework.boot.test.autoconfigure.web.client.MockRestServiceServerResetTestExecutionListener, org.springframework.boot.test.autoconfigure.web.servlet.MockMvcPrintOnlyOnFailureTestExecutionListener, org.springframework.boot.test.autoconfigure.web.servlet.WebDriverTestExecutionListener, org.springframework.boot.test.mock.mockito.MockitoTestExecutionListener, org.springframework.boot.test.mock.mockito.ResetMocksTestExecutionListener, org.springframework.test.context.web.ServletTestExecutionListener, org.springframework.test.context.support.DirtiesContextBeforeModesTestExecutionListener, org.springframework.test.context.support.DependencyInjectionTestExecutionListener, org.springframework.test.context.support.DirtiesContextTestExecutionListener, org.springframework.test.context.transaction.TransactionalTestExecutionListener, org.springframework.test.context.jdbc.SqlScriptsTestExecutionListener]
2020-07-27 11:02:21.791  INFO 17136 --- [    Test worker] .b.t.c.SpringBootTestContextBootstrapper : Using TestExecutionListeners: [org.springframework.test.context.web.ServletTestExecutionListener@2654f239, org.springframework.test.context.support.DirtiesContextBeforeModesTestExecutionListener@3cc77ff1, org.springframework.boot.test.mock.mockito.MockitoTestExecutionListener@665ff128, org.springframework.boot.test.autoconfigure.SpringBootDependencyInjectionTestExecutionListener@4414ec0e, org.springframework.test.context.support.DirtiesContextTestExecutionListener@45500b8f, org.springframework.test.context.transaction.TransactionalTestExecutionListener@42efcc23, org.springframework.test.context.jdbc.SqlScriptsTestExecutionListener@5ba0b3e7, org.springframework.boot.test.autoconfigure.restdocs.RestDocsTestExecutionListener@38b75001, org.springframework.boot.test.autoconfigure.web.client.MockRestServiceServerResetTestExecutionListener@7d7e28eb, org.springframework.boot.test.autoconfigure.web.servlet.MockMvcPrintOnlyOnFailureTestExecutionListener@414c6db3, org.springframework.boot.test.autoconfigure.web.servlet.WebDriverTestExecutionListener@1f2dd1f6, org.springframework.boot.test.mock.mockito.ResetMocksTestExecutionListener@1d98bd4a]
]]></system-out>
  <system-err><![CDATA[]]></system-err>
</testsuite>
